# JRE version: OpenJDK Runtime Environment Microsoft-11926163 (17.0.16+8) (build 17.0.16+8-LTS)
# Java VM: OpenJDK 64-Bit Server VM Microsoft-11926163 (17.0.16+8-LTS, mixed mode, sharing, tiered, compressed oops, compressed class ptrs, g1 gc, windows-amd64)
GC Precious Log:
 CPUs: 8 total, 8 available
 Memory: 7835M
 Large Page Support: Disabled
 NUMA Support: Disabled
 Compressed Oops: Enabled (32-bit)
 Heap Region Size: 1M
 Heap Min Capacity: 8M
 Heap Initial Capacity: 124M
 Heap Max Capacity: 2G
 Pre-touch: Disabled
 Parallel Workers: 8
 Concurrent Workers: 2
 Concurrent Refinement Workers: 8
 Periodic GC: Disabled
Heap:
 garbage-first heap   total 442368K, used 352626K [0x0000000080000000, 0x0000000100000000)
  region size 1024K, 1 young (1024K), 1 survivors (1024K)
 Metaspace       used 131744K, committed 133696K, reserved 557056K
  class space    used 17779K, committed 18688K, reserved 425984K
GC Heap History (20 events):
Event: 252.151 GC heap after
{Heap after GC invocations=92 (full 0):
 garbage-first heap   total 442368K, used 311432K [0x0000000080000000, 0x0000000100000000)
  region size 1024K, 5 young (5120K), 5 survivors (5120K)
 Metaspace       used 125607K, committed 127360K, reserved 557056K
  class space    used 17088K, committed 17920K, reserved 425984K
}
Event: 257.747 GC heap before
{Heap before GC invocations=92 (full 0):
 garbage-first heap   total 442368K, used 377992K [0x0000000080000000, 0x0000000100000000)
  region size 1024K, 71 young (72704K), 5 survivors (5120K)
 Metaspace       used 126623K, committed 128384K, reserved 557056K
  class space    used 17217K, committed 18048K, reserved 425984K
}
Event: 257.797 GC heap after
{Heap after GC invocations=93 (full 0):
 garbage-first heap   total 442368K, used 314046K [0x0000000080000000, 0x0000000100000000)
  region size 1024K, 7 young (7168K), 7 survivors (7168K)
 Metaspace       used 126623K, committed 128384K, reserved 557056K
  class space    used 17217K, committed 18048K, reserved 425984K
}
Event: 266.073 GC heap before
{Heap before GC invocations=93 (full 0):
 garbage-first heap   total 442368K, used 379582K [0x0000000080000000, 0x0000000100000000)
  region size 1024K, 72 young (73728K), 7 survivors (7168K)
 Metaspace       used 129529K, committed 131392K, reserved 557056K
  class space    used 17521K, committed 18368K, reserved 425984K
}
Event: 266.136 GC heap after
{Heap after GC invocations=94 (full 0):
 garbage-first heap   total 442368K, used 320301K [0x0000000080000000, 0x0000000100000000)
  region size 1024K, 8 young (8192K), 8 survivors (8192K)
 Metaspace       used 129529K, committed 131392K, reserved 557056K
  class space    used 17521K, committed 18368K, reserved 425984K
}
Event: 294.627 GC heap before
{Heap before GC invocations=94 (full 0):
 garbage-first heap   total 442368K, used 377645K [0x0000000080000000, 0x0000000100000000)
  region size 1024K, 65 young (66560K), 8 survivors (8192K)
 Metaspace       used 130133K, committed 131968K, reserved 557056K
  class space    used 17589K, committed 18496K, reserved 425984K
}
Event: 294.889 GC heap after
{Heap after GC invocations=95 (full 0):
 garbage-first heap   total 442368K, used 319575K [0x0000000080000000, 0x0000000100000000)
  region size 1024K, 4 young (4096K), 4 survivors (4096K)
 Metaspace       used 130133K, committed 131968K, reserved 557056K
  class space    used 17589K, committed 18496K, reserved 425984K
}
Event: 922.040 GC heap before
{Heap before GC invocations=95 (full 0):
 garbage-first heap   total 442368K, used 379991K [0x0000000080000000, 0x0000000100000000)
  region size 1024K, 64 young (65536K), 4 survivors (4096K)
 Metaspace       used 130298K, committed 132224K, reserved 557056K
  class space    used 17600K, committed 18496K, reserved 425984K
}
Event: 922.377 GC heap after
{Heap after GC invocations=96 (full 0):
 garbage-first heap   total 442368K, used 320392K [0x0000000080000000, 0x0000000100000000)
  region size 1024K, 5 young (5120K), 5 survivors (5120K)
 Metaspace       used 130298K, committed 132224K, reserved 557056K
  class space    used 17600K, committed 18496K, reserved 425984K
}
Event: 1186.755 GC heap before
{Heap before GC invocations=96 (full 0):
 garbage-first heap   total 442368K, used 380808K [0x0000000080000000, 0x0000000100000000)
  region size 1024K, 65 young (66560K), 5 survivors (5120K)
 Metaspace       used 130515K, committed 132416K, reserved 557056K
  class space    used 17610K, committed 18496K, reserved 425984K
}
Event: 1187.126 GC heap after
{Heap after GC invocations=97 (full 0):
 garbage-first heap   total 442368K, used 321720K [0x0000000080000000, 0x0000000100000000)
  region size 1024K, 6 young (6144K), 6 survivors (6144K)
 Metaspace       used 130515K, committed 132416K, reserved 557056K
  class space    used 17610K, committed 18496K, reserved 425984K
}
Event: 1194.355 GC heap before
{Heap before GC invocations=97 (full 0):
 garbage-first heap   total 442368K, used 405688K [0x0000000080000000, 0x0000000100000000)
  region size 1024K, 40 young (40960K), 6 survivors (6144K)
 Metaspace       used 131743K, committed 133696K, reserved 557056K
  class space    used 17779K, committed 18688K, reserved 425984K
}
Event: 1194.748 GC heap after
{Heap after GC invocations=98 (full 0):
 garbage-first heap   total 442368K, used 350535K [0x0000000080000000, 0x0000000100000000)
  region size 1024K, 3 young (3072K), 3 survivors (3072K)
 Metaspace       used 131743K, committed 133696K, reserved 557056K
  class space    used 17779K, committed 18688K, reserved 425984K
}
Event: 1194.787 GC heap before
{Heap before GC invocations=98 (full 0):
 garbage-first heap   total 442368K, used 375111K [0x0000000080000000, 0x0000000100000000)
  region size 1024K, 4 young (4096K), 3 survivors (3072K)
 Metaspace       used 131744K, committed 133696K, reserved 557056K
  class space    used 17779K, committed 18688K, reserved 425984K
}
Event: 1194.795 GC heap after
{Heap after GC invocations=99 (full 0):
 garbage-first heap   total 442368K, used 351086K [0x0000000080000000, 0x0000000100000000)
  region size 1024K, 1 young (1024K), 1 survivors (1024K)
 Metaspace       used 131744K, committed 133696K, reserved 557056K
  class space    used 17779K, committed 18688K, reserved 425984K
}
Event: 1194.801 GC heap before
{Heap before GC invocations=99 (full 0):
 garbage-first heap   total 442368K, used 355182K [0x0000000080000000, 0x0000000100000000)
  region size 1024K, 2 young (2048K), 1 survivors (1024K)
 Metaspace       used 131744K, committed 133696K, reserved 557056K
  class space    used 17779K, committed 18688K, reserved 425984K
}
Event: 1194.804 GC heap after
{Heap after GC invocations=100 (full 0):
 garbage-first heap   total 442368K, used 350662K [0x0000000080000000, 0x0000000100000000)
  region size 1024K, 1 young (1024K), 1 survivors (1024K)
 Metaspace       used 131744K, committed 133696K, reserved 557056K
  class space    used 17779K, committed 18688K, reserved 425984K
}
Event: 1194.806 GC heap before
{Heap before GC invocations=100 (full 0):
 garbage-first heap   total 442368K, used 352710K [0x0000000080000000, 0x0000000100000000)
  region size 1024K, 2 young (2048K), 1 survivors (1024K)
 Metaspace       used 131744K, committed 133696K, reserved 557056K
  class space    used 17779K, committed 18688K, reserved 425984K
}
Event: 1194.810 GC heap after
{Heap after GC invocations=101 (full 0):
 garbage-first heap   total 442368K, used 352636K [0x0000000080000000, 0x0000000100000000)
  region size 1024K, 1 young (1024K), 1 survivors (1024K)
 Metaspace       used 131744K, committed 133696K, reserved 557056K
  class space    used 17779K, committed 18688K, reserved 425984K
}
Event: 1194.812 GC heap before
{Heap before GC invocations=101 (full 0):
 garbage-first heap   total 442368K, used 354684K [0x0000000080000000, 0x0000000100000000)
  region size 1024K, 2 young (2048K), 1 survivors (1024K)
 Metaspace       used 131744K, committed 133696K, reserved 557056K
  class space    used 17779K, committed 18688K, reserved 425984K
}

